<?xml version="1.0" encoding="UTF-8"?>
<!-- Generated by org.testng.reporters.JUnitReportReporter -->
<testsuite hostname="TMZ-DPC-2185" failures="0" tests="2" name="runner.runnerclass" time="126.032" errors="0" timestamp="2023-07-25T18:47:39 IST" skipped="0">
  <testcase classname="runner.runnerclass" name="runScenario" time="70.306"/>
  <system-out/>
  <testcase classname="runner.runnerclass" name="runScenario" time="55.726"/>
  <system-out/>
</testsuite> <!-- runner.runnerclass -->
